
======== GPU REPORT ========

==============NVSMI LOG==============

Timestamp                                 : Thu Sep  1 16:57:27 2022
Driver Version                            : 510.73.08
CUDA Version                              : 11.6

Attached GPUs                             : 1
GPU 00000000:27:00.0
    Accounting Mode                       : Enabled
    Accounting Mode Buffer Size           : 4000
    Accounted Processes
        Process ID                        : 62152
            GPU Utilization               : 0 %
            Memory Utilization            : 0 %
            Max memory usage              : 43757 MiB
            Time                          : 5426 ms
            Is Running                    : 0

Thu Sep  1 16:57:27 2022       
+-----------------------------------------------------------------------------+
| NVIDIA-SMI 510.73.08    Driver Version: 510.73.08    CUDA Version: 11.6     |
|-------------------------------+----------------------+----------------------+
| GPU  Name        Persistence-M| Bus-Id        Disp.A | Volatile Uncorr. ECC |
| Fan  Temp  Perf  Pwr:Usage/Cap|         Memory-Usage | GPU-Util  Compute M. |
|                               |                      |               MIG M. |
|===============================+======================+======================|
|   0  Quadro RTX 8000     On   | 00000000:27:00.0 Off |                  Off |
| 35%   24C    P8    18W / 260W |      1MiB / 49152MiB |      0%      Default |
|                               |                      |                  N/A |
+-------------------------------+----------------------+----------------------+
                                                                               
+-----------------------------------------------------------------------------+
| Processes:                                                                  |
|  GPU   GI   CI        PID   Type   Process name                  GPU Memory |
|        ID   ID                                                   Usage      |
|=============================================================================|
|  No running processes found                                                 |
+-----------------------------------------------------------------------------+
